<?xml version="1.0" encoding="UTF-8"?>
<testsuite name="pc4postfecha.cc3s2.TowerDefenseGameTest" tests="4" skipped="0" failures="0" errors="0" timestamp="2024-06-23T09:58:54" hostname="192" time="0.023">
  <properties/>
  <testcase name="testCreateLaserTower()" classname="pc4postfecha.cc3s2.TowerDefenseGameTest" time="0.016"/>
  <testcase name="testCreateCannonTower()" classname="pc4postfecha.cc3s2.TowerDefenseGameTest" time="0.001"/>
  <testcase name="testCreateBasicEnemy()" classname="pc4postfecha.cc3s2.TowerDefenseGameTest" time="0.003"/>
  <testcase name="testCreateBossEnemy()" classname="pc4postfecha.cc3s2.TowerDefenseGameTest" time="0.001"/>
  <system-out><![CDATA[]]></system-out>
  <system-err><![CDATA[]]></system-err>
</testsuite>
